2019-02-27 15:18:38,830 [Worker-5] INFO  c.g.t.t.d.PublishedGradleVersions - Gradle version information cache is out-of-date. Trying to update.
2019-02-27 15:19:39,078 [Worker-4] INFO  o.e.m.c.i.e.AbstractTransferListenerAdapter - Downloading https://repo.maven.apache.org/maven2/org/apache/maven/plugins/maven-compiler-plugin/2.3.2/maven-compiler-plugin-2.3.2.jar
2019-02-27 15:19:39,428 [Worker-4] INFO  o.e.m.c.i.e.AbstractTransferListenerAdapter - Downloaded https://repo.maven.apache.org/maven2/org/apache/maven/plugins/maven-compiler-plugin/2.3.2/maven-compiler-plugin-2.3.2.jar
2019-02-27 15:19:39,960 [Worker-4] INFO  o.e.m.c.i.e.AbstractTransferListenerAdapter - Downloading https://repo.maven.apache.org/maven2/org/apache/maven/plugins/maven-war-plugin/2.1.1/maven-war-plugin-2.1.1.jar
2019-02-27 15:19:40,371 [Worker-4] INFO  o.e.m.c.i.e.AbstractTransferListenerAdapter - Downloaded https://repo.maven.apache.org/maven2/org/apache/maven/plugins/maven-war-plugin/2.1.1/maven-war-plugin-2.1.1.jar
2019-02-27 15:19:40,796 [Worker-4] INFO  o.e.m.c.i.e.AbstractTransferListenerAdapter - Downloading https://repo.maven.apache.org/maven2/org/apache/maven/plugins/maven-compiler-plugin/2.3.2/maven-compiler-plugin-2.3.2.pom
2019-02-27 15:19:40,981 [Worker-4] INFO  o.e.m.c.i.e.AbstractTransferListenerAdapter - Downloaded https://repo.maven.apache.org/maven2/org/apache/maven/plugins/maven-compiler-plugin/2.3.2/maven-compiler-plugin-2.3.2.pom
2019-02-27 15:19:41,182 [Worker-4] INFO  o.e.m.c.i.e.AbstractTransferListenerAdapter - Downloading https://repo.maven.apache.org/maven2/org/apache/maven/plugins/maven-plugins/18/maven-plugins-18.pom
2019-02-27 15:19:41,367 [Worker-4] INFO  o.e.m.c.i.e.AbstractTransferListenerAdapter - Downloaded https://repo.maven.apache.org/maven2/org/apache/maven/plugins/maven-plugins/18/maven-plugins-18.pom
2019-02-27 15:19:41,561 [Worker-4] INFO  o.e.m.c.i.e.AbstractTransferListenerAdapter - Downloading https://repo.maven.apache.org/maven2/org/apache/maven/maven-parent/16/maven-parent-16.pom
2019-02-27 15:19:41,740 [Worker-4] INFO  o.e.m.c.i.e.AbstractTransferListenerAdapter - Downloaded https://repo.maven.apache.org/maven2/org/apache/maven/maven-parent/16/maven-parent-16.pom
2019-02-27 15:19:41,907 [Worker-4] INFO  o.e.m.c.i.e.AbstractTransferListenerAdapter - Downloading https://repo.maven.apache.org/maven2/org/apache/apache/7/apache-7.pom
2019-02-27 15:19:42,078 [Worker-4] INFO  o.e.m.c.i.e.AbstractTransferListenerAdapter - Downloaded https://repo.maven.apache.org/maven2/org/apache/apache/7/apache-7.pom
2019-02-27 15:19:42,497 [Worker-4] INFO  o.e.m.c.i.e.AbstractTransferListenerAdapter - Downloading https://repo.maven.apache.org/maven2/org/codehaus/plexus/plexus-utils/2.0.5/plexus-utils-2.0.5.pom
2019-02-27 15:19:42,665 [Worker-4] INFO  o.e.m.c.i.e.AbstractTransferListenerAdapter - Downloaded https://repo.maven.apache.org/maven2/org/codehaus/plexus/plexus-utils/2.0.5/plexus-utils-2.0.5.pom
2019-02-27 15:19:42,846 [Worker-4] INFO  o.e.m.c.i.e.AbstractTransferListenerAdapter - Downloading https://repo.maven.apache.org/maven2/org/codehaus/plexus/plexus/2.0.6/plexus-2.0.6.pom
2019-02-27 15:19:43,028 [Worker-4] INFO  o.e.m.c.i.e.AbstractTransferListenerAdapter - Downloaded https://repo.maven.apache.org/maven2/org/codehaus/plexus/plexus/2.0.6/plexus-2.0.6.pom
2019-02-27 15:19:43,205 [Worker-4] INFO  o.e.m.c.i.e.AbstractTransferListenerAdapter - Downloading https://repo.maven.apache.org/maven2/org/codehaus/plexus/plexus-compiler-api/1.8.1/plexus-compiler-api-1.8.1.pom
2019-02-27 15:19:43,383 [Worker-4] INFO  o.e.m.c.i.e.AbstractTransferListenerAdapter - Downloaded https://repo.maven.apache.org/maven2/org/codehaus/plexus/plexus-compiler-api/1.8.1/plexus-compiler-api-1.8.1.pom
2019-02-27 15:19:43,563 [Worker-4] INFO  o.e.m.c.i.e.AbstractTransferListenerAdapter - Downloading https://repo.maven.apache.org/maven2/org/codehaus/plexus/plexus-compiler/1.8.1/plexus-compiler-1.8.1.pom
2019-02-27 15:19:43,730 [Worker-4] INFO  o.e.m.c.i.e.AbstractTransferListenerAdapter - Downloaded https://repo.maven.apache.org/maven2/org/codehaus/plexus/plexus-compiler/1.8.1/plexus-compiler-1.8.1.pom
2019-02-27 15:19:43,907 [Worker-4] INFO  o.e.m.c.i.e.AbstractTransferListenerAdapter - Downloading https://repo.maven.apache.org/maven2/org/codehaus/plexus/plexus-components/1.1.18/plexus-components-1.1.18.pom
2019-02-27 15:19:44,080 [Worker-4] INFO  o.e.m.c.i.e.AbstractTransferListenerAdapter - Downloaded https://repo.maven.apache.org/maven2/org/codehaus/plexus/plexus-components/1.1.18/plexus-components-1.1.18.pom
2019-02-27 15:19:44,324 [Worker-4] INFO  o.e.m.c.i.e.AbstractTransferListenerAdapter - Downloading https://repo.maven.apache.org/maven2/org/codehaus/plexus/plexus-compiler-manager/1.8.1/plexus-compiler-manager-1.8.1.pom
2019-02-27 15:19:44,496 [Worker-4] INFO  o.e.m.c.i.e.AbstractTransferListenerAdapter - Downloaded https://repo.maven.apache.org/maven2/org/codehaus/plexus/plexus-compiler-manager/1.8.1/plexus-compiler-manager-1.8.1.pom
2019-02-27 15:19:44,673 [Worker-4] INFO  o.e.m.c.i.e.AbstractTransferListenerAdapter - Downloading https://repo.maven.apache.org/maven2/org/codehaus/plexus/plexus-compiler-javac/1.8.1/plexus-compiler-javac-1.8.1.pom
2019-02-27 15:19:44,841 [Worker-4] INFO  o.e.m.c.i.e.AbstractTransferListenerAdapter - Downloaded https://repo.maven.apache.org/maven2/org/codehaus/plexus/plexus-compiler-javac/1.8.1/plexus-compiler-javac-1.8.1.pom
2019-02-27 15:19:45,021 [Worker-4] INFO  o.e.m.c.i.e.AbstractTransferListenerAdapter - Downloading https://repo.maven.apache.org/maven2/org/codehaus/plexus/plexus-compilers/1.8.1/plexus-compilers-1.8.1.pom
2019-02-27 15:19:45,210 [Worker-4] INFO  o.e.m.c.i.e.AbstractTransferListenerAdapter - Downloaded https://repo.maven.apache.org/maven2/org/codehaus/plexus/plexus-compilers/1.8.1/plexus-compilers-1.8.1.pom
2019-02-27 15:19:45,436 [Worker-4] INFO  o.e.m.c.i.e.AbstractTransferListenerAdapter - Downloading https://repo.maven.apache.org/maven2/org/apache/maven/maven-plugin-api/2.0.6/maven-plugin-api-2.0.6.jar
2019-02-27 15:19:45,612 [Worker-4] INFO  o.e.m.c.i.e.AbstractTransferListenerAdapter - Downloaded https://repo.maven.apache.org/maven2/org/apache/maven/maven-plugin-api/2.0.6/maven-plugin-api-2.0.6.jar
2019-02-27 15:19:45,774 [Worker-4] INFO  o.e.m.c.i.e.AbstractTransferListenerAdapter - Downloading https://repo.maven.apache.org/maven2/org/apache/maven/maven-artifact/2.0.6/maven-artifact-2.0.6.jar
2019-02-27 15:19:46,109 [Worker-4] INFO  o.e.m.c.i.e.AbstractTransferListenerAdapter - Downloaded https://repo.maven.apache.org/maven2/org/apache/maven/maven-artifact/2.0.6/maven-artifact-2.0.6.jar
2019-02-27 15:19:46,275 [Worker-4] INFO  o.e.m.c.i.e.AbstractTransferListenerAdapter - Downloading https://repo.maven.apache.org/maven2/org/apache/maven/maven-core/2.0.6/maven-core-2.0.6.jar
2019-02-27 15:19:46,611 [Worker-4] INFO  o.e.m.c.i.e.AbstractTransferListenerAdapter - Downloaded https://repo.maven.apache.org/maven2/org/apache/maven/maven-core/2.0.6/maven-core-2.0.6.jar
2019-02-27 15:19:46,775 [Worker-4] INFO  o.e.m.c.i.e.AbstractTransferListenerAdapter - Downloading https://repo.maven.apache.org/maven2/org/apache/maven/maven-settings/2.0.6/maven-settings-2.0.6.jar
2019-02-27 15:19:46,966 [Worker-4] INFO  o.e.m.c.i.e.AbstractTransferListenerAdapter - Downloaded https://repo.maven.apache.org/maven2/org/apache/maven/maven-settings/2.0.6/maven-settings-2.0.6.jar
2019-02-27 15:19:47,130 [Worker-4] INFO  o.e.m.c.i.e.AbstractTransferListenerAdapter - Downloading https://repo.maven.apache.org/maven2/org/apache/maven/maven-plugin-parameter-documenter/2.0.6/maven-plugin-parameter-documenter-2.0.6.jar
2019-02-27 15:19:47,304 [Worker-4] INFO  o.e.m.c.i.e.AbstractTransferListenerAdapter - Downloaded https://repo.maven.apache.org/maven2/org/apache/maven/maven-plugin-parameter-documenter/2.0.6/maven-plugin-parameter-documenter-2.0.6.jar
2019-02-27 15:19:47,467 [Worker-4] INFO  o.e.m.c.i.e.AbstractTransferListenerAdapter - Downloading https://repo.maven.apache.org/maven2/org/apache/maven/maven-profile/2.0.6/maven-profile-2.0.6.jar
2019-02-27 15:19:47,644 [Worker-4] INFO  o.e.m.c.i.e.AbstractTransferListenerAdapter - Downloaded https://repo.maven.apache.org/maven2/org/apache/maven/maven-profile/2.0.6/maven-profile-2.0.6.jar
2019-02-27 15:19:47,808 [Worker-4] INFO  o.e.m.c.i.e.AbstractTransferListenerAdapter - Downloading https://repo.maven.apache.org/maven2/org/apache/maven/maven-model/2.0.6/maven-model-2.0.6.jar
2019-02-27 15:19:48,002 [Worker-4] INFO  o.e.m.c.i.e.AbstractTransferListenerAdapter - Downloaded https://repo.maven.apache.org/maven2/org/apache/maven/maven-model/2.0.6/maven-model-2.0.6.jar
2019-02-27 15:19:48,167 [Worker-4] INFO  o.e.m.c.i.e.AbstractTransferListenerAdapter - Downloading https://repo.maven.apache.org/maven2/org/apache/maven/maven-repository-metadata/2.0.6/maven-repository-metadata-2.0.6.jar
2019-02-27 15:19:48,342 [Worker-4] INFO  o.e.m.c.i.e.AbstractTransferListenerAdapter - Downloaded https://repo.maven.apache.org/maven2/org/apache/maven/maven-repository-metadata/2.0.6/maven-repository-metadata-2.0.6.jar
2019-02-27 15:19:48,508 [Worker-4] INFO  o.e.m.c.i.e.AbstractTransferListenerAdapter - Downloading https://repo.maven.apache.org/maven2/org/apache/maven/maven-error-diagnostics/2.0.6/maven-error-diagnostics-2.0.6.jar
2019-02-27 15:19:48,682 [Worker-4] INFO  o.e.m.c.i.e.AbstractTransferListenerAdapter - Downloaded https://repo.maven.apache.org/maven2/org/apache/maven/maven-error-diagnostics/2.0.6/maven-error-diagnostics-2.0.6.jar
2019-02-27 15:19:48,847 [Worker-4] INFO  o.e.m.c.i.e.AbstractTransferListenerAdapter - Downloading https://repo.maven.apache.org/maven2/org/apache/maven/maven-project/2.0.6/maven-project-2.0.6.jar
2019-02-27 15:19:49,053 [Worker-4] INFO  o.e.m.c.i.e.AbstractTransferListenerAdapter - Downloaded https://repo.maven.apache.org/maven2/org/apache/maven/maven-project/2.0.6/maven-project-2.0.6.jar
2019-02-27 15:19:49,221 [Worker-4] INFO  o.e.m.c.i.e.AbstractTransferListenerAdapter - Downloading https://repo.maven.apache.org/maven2/org/apache/maven/maven-plugin-registry/2.0.6/maven-plugin-registry-2.0.6.jar
2019-02-27 15:19:49,402 [Worker-4] INFO  o.e.m.c.i.e.AbstractTransferListenerAdapter - Downloaded https://repo.maven.apache.org/maven2/org/apache/maven/maven-plugin-registry/2.0.6/maven-plugin-registry-2.0.6.jar
2019-02-27 15:19:49,568 [Worker-4] INFO  o.e.m.c.i.e.AbstractTransferListenerAdapter - Downloading https://repo.maven.apache.org/maven2/org/apache/maven/maven-plugin-descriptor/2.0.6/maven-plugin-descriptor-2.0.6.jar
2019-02-27 15:19:49,748 [Worker-4] INFO  o.e.m.c.i.e.AbstractTransferListenerAdapter - Downloaded https://repo.maven.apache.org/maven2/org/apache/maven/maven-plugin-descriptor/2.0.6/maven-plugin-descriptor-2.0.6.jar
2019-02-27 15:19:49,914 [Worker-4] INFO  o.e.m.c.i.e.AbstractTransferListenerAdapter - Downloading https://repo.maven.apache.org/maven2/org/apache/maven/maven-artifact-manager/2.0.6/maven-artifact-manager-2.0.6.jar
2019-02-27 15:19:50,098 [Worker-4] INFO  o.e.m.c.i.e.AbstractTransferListenerAdapter - Downloaded https://repo.maven.apache.org/maven2/org/apache/maven/maven-artifact-manager/2.0.6/maven-artifact-manager-2.0.6.jar
2019-02-27 15:19:50,260 [Worker-4] INFO  o.e.m.c.i.e.AbstractTransferListenerAdapter - Downloading https://repo.maven.apache.org/maven2/org/apache/maven/maven-monitor/2.0.6/maven-monitor-2.0.6.jar
2019-02-27 15:19:50,435 [Worker-4] INFO  o.e.m.c.i.e.AbstractTransferListenerAdapter - Downloaded https://repo.maven.apache.org/maven2/org/apache/maven/maven-monitor/2.0.6/maven-monitor-2.0.6.jar
2019-02-27 15:19:50,601 [Worker-4] INFO  o.e.m.c.i.e.AbstractTransferListenerAdapter - Downloading https://repo.maven.apache.org/maven2/org/codehaus/plexus/plexus-utils/2.0.5/plexus-utils-2.0.5.jar
2019-02-27 15:19:50,871 [Worker-4] INFO  o.e.m.c.i.e.AbstractTransferListenerAdapter - Downloaded https://repo.maven.apache.org/maven2/org/codehaus/plexus/plexus-utils/2.0.5/plexus-utils-2.0.5.jar
2019-02-27 15:19:51,040 [Worker-4] INFO  o.e.m.c.i.e.AbstractTransferListenerAdapter - Downloading https://repo.maven.apache.org/maven2/org/codehaus/plexus/plexus-compiler-api/1.8.1/plexus-compiler-api-1.8.1.jar
2019-02-27 15:19:51,213 [Worker-4] INFO  o.e.m.c.i.e.AbstractTransferListenerAdapter - Downloaded https://repo.maven.apache.org/maven2/org/codehaus/plexus/plexus-compiler-api/1.8.1/plexus-compiler-api-1.8.1.jar
2019-02-27 15:19:51,376 [Worker-4] INFO  o.e.m.c.i.e.AbstractTransferListenerAdapter - Downloading https://repo.maven.apache.org/maven2/org/codehaus/plexus/plexus-compiler-manager/1.8.1/plexus-compiler-manager-1.8.1.jar
2019-02-27 15:19:51,551 [Worker-4] INFO  o.e.m.c.i.e.AbstractTransferListenerAdapter - Downloaded https://repo.maven.apache.org/maven2/org/codehaus/plexus/plexus-compiler-manager/1.8.1/plexus-compiler-manager-1.8.1.jar
2019-02-27 15:19:51,713 [Worker-4] INFO  o.e.m.c.i.e.AbstractTransferListenerAdapter - Downloading https://repo.maven.apache.org/maven2/org/codehaus/plexus/plexus-compiler-javac/1.8.1/plexus-compiler-javac-1.8.1.jar
2019-02-27 15:19:51,885 [Worker-4] INFO  o.e.m.c.i.e.AbstractTransferListenerAdapter - Downloaded https://repo.maven.apache.org/maven2/org/codehaus/plexus/plexus-compiler-javac/1.8.1/plexus-compiler-javac-1.8.1.jar
2019-02-27 15:19:53,853 [Worker-4] INFO  o.e.m.c.i.l.LifecycleMappingFactory - Using org.maven.ide.eclipse.wtp.WarLifecycleMapping lifecycle mapping for MavenProject: weixin_guide:weixin_guide:0.0.1-SNAPSHOT @ C:\Users\Administrator\Desktop\weixin_guide\pom.xml.
2019-02-27 15:19:54,571 [Worker-4] INFO  o.e.m.c.i.e.AbstractTransferListenerAdapter - Downloading https://repo.maven.apache.org/maven2/com/jfinal/jfinal/3.2/jfinal-3.2.pom
2019-02-27 15:19:54,750 [Worker-4] INFO  o.e.m.c.i.e.AbstractTransferListenerAdapter - Downloaded https://repo.maven.apache.org/maven2/com/jfinal/jfinal/3.2/jfinal-3.2.pom
2019-02-27 15:19:54,952 [Worker-4] INFO  o.e.m.c.i.e.AbstractTransferListenerAdapter - Downloading https://repo.maven.apache.org/maven2/org/sonatype/oss/oss-parent/7/oss-parent-7.pom
2019-02-27 15:19:55,144 [Worker-4] INFO  o.e.m.c.i.e.AbstractTransferListenerAdapter - Downloaded https://repo.maven.apache.org/maven2/org/sonatype/oss/oss-parent/7/oss-parent-7.pom
2019-02-27 15:19:55,330 [Worker-4] INFO  o.e.m.c.i.e.AbstractTransferListenerAdapter - Downloading https://repo.maven.apache.org/maven2/cglib/cglib-nodep/3.2.5/cglib-nodep-3.2.5.pom
2019-02-27 15:19:55,508 [Worker-4] INFO  o.e.m.c.i.e.AbstractTransferListenerAdapter - Downloaded https://repo.maven.apache.org/maven2/cglib/cglib-nodep/3.2.5/cglib-nodep-3.2.5.pom
2019-02-27 15:19:55,691 [Worker-4] INFO  o.e.m.c.i.e.AbstractTransferListenerAdapter - Downloading https://repo.maven.apache.org/maven2/cglib/cglib-parent/3.2.5/cglib-parent-3.2.5.pom
2019-02-27 15:19:55,888 [Worker-4] INFO  o.e.m.c.i.e.AbstractTransferListenerAdapter - Downloaded https://repo.maven.apache.org/maven2/cglib/cglib-parent/3.2.5/cglib-parent-3.2.5.pom
2019-02-27 15:19:56,081 [Worker-4] INFO  o.e.m.c.i.e.AbstractTransferListenerAdapter - Downloading https://repo.maven.apache.org/maven2/com/jfinal/jetty-server/8.1.8/jetty-server-8.1.8.pom
2019-02-27 15:19:56,257 [Worker-4] INFO  o.e.m.c.i.e.AbstractTransferListenerAdapter - Downloaded https://repo.maven.apache.org/maven2/com/jfinal/jetty-server/8.1.8/jetty-server-8.1.8.pom
2019-02-27 15:19:56,436 [Worker-4] INFO  o.e.m.c.i.e.AbstractTransferListenerAdapter - Downloading https://repo.maven.apache.org/maven2/org/eclipse/jetty/jetty-xml/8.1.8.v20121106/jetty-xml-8.1.8.v20121106.pom
2019-02-27 15:19:56,615 [Worker-4] INFO  o.e.m.c.i.e.AbstractTransferListenerAdapter - Downloaded https://repo.maven.apache.org/maven2/org/eclipse/jetty/jetty-xml/8.1.8.v20121106/jetty-xml-8.1.8.v20121106.pom
2019-02-27 15:19:56,801 [Worker-4] INFO  o.e.m.c.i.e.AbstractTransferListenerAdapter - Downloading https://repo.maven.apache.org/maven2/org/eclipse/jetty/jetty-project/8.1.8.v20121106/jetty-project-8.1.8.v20121106.pom
2019-02-27 15:19:57,142 [Worker-4] INFO  o.e.m.c.i.e.AbstractTransferListenerAdapter - Downloaded https://repo.maven.apache.org/maven2/org/eclipse/jetty/jetty-project/8.1.8.v20121106/jetty-project-8.1.8.v20121106.pom
2019-02-27 15:19:57,328 [Worker-4] INFO  o.e.m.c.i.e.AbstractTransferListenerAdapter - Downloading https://repo.maven.apache.org/maven2/org/eclipse/jetty/jetty-parent/20/jetty-parent-20.pom
2019-02-27 15:19:57,533 [Worker-4] INFO  o.e.m.c.i.e.AbstractTransferListenerAdapter - Downloaded https://repo.maven.apache.org/maven2/org/eclipse/jetty/jetty-parent/20/jetty-parent-20.pom
2019-02-27 15:19:57,728 [Worker-4] INFO  o.e.m.c.i.e.AbstractTransferListenerAdapter - Downloading https://repo.maven.apache.org/maven2/org/eclipse/jetty/jetty-util/8.1.8.v20121106/jetty-util-8.1.8.v20121106.pom
2019-02-27 15:19:57,900 [Worker-4] INFO  o.e.m.c.i.e.AbstractTransferListenerAdapter - Downloaded https://repo.maven.apache.org/maven2/org/eclipse/jetty/jetty-util/8.1.8.v20121106/jetty-util-8.1.8.v20121106.pom
2019-02-27 15:19:58,074 [Worker-4] INFO  o.e.m.c.i.e.AbstractTransferListenerAdapter - Downloading https://repo.maven.apache.org/maven2/org/eclipse/jetty/jetty-servlet/8.1.8.v20121106/jetty-servlet-8.1.8.v20121106.pom
2019-02-27 15:19:58,251 [Worker-4] INFO  o.e.m.c.i.e.AbstractTransferListenerAdapter - Downloaded https://repo.maven.apache.org/maven2/org/eclipse/jetty/jetty-servlet/8.1.8.v20121106/jetty-servlet-8.1.8.v20121106.pom
2019-02-27 15:19:58,449 [Worker-4] INFO  o.e.m.c.i.e.AbstractTransferListenerAdapter - Downloading https://repo.maven.apache.org/maven2/org/eclipse/jetty/jetty-security/8.1.8.v20121106/jetty-security-8.1.8.v20121106.pom
2019-02-27 15:19:58,628 [Worker-4] INFO  o.e.m.c.i.e.AbstractTransferListenerAdapter - Downloaded https://repo.maven.apache.org/maven2/org/eclipse/jetty/jetty-security/8.1.8.v20121106/jetty-security-8.1.8.v20121106.pom
2019-02-27 15:19:58,817 [Worker-4] INFO  o.e.m.c.i.e.AbstractTransferListenerAdapter - Downloading https://repo.maven.apache.org/maven2/org/eclipse/jetty/jetty-server/8.1.8.v20121106/jetty-server-8.1.8.v20121106.pom
2019-02-27 15:19:59,020 [Worker-4] INFO  o.e.m.c.i.e.AbstractTransferListenerAdapter - Downloaded https://repo.maven.apache.org/maven2/org/eclipse/jetty/jetty-server/8.1.8.v20121106/jetty-server-8.1.8.v20121106.pom
2019-02-27 15:19:59,199 [Worker-4] INFO  o.e.m.c.i.e.AbstractTransferListenerAdapter - Downloading https://repo.maven.apache.org/maven2/org/eclipse/jetty/orbit/javax.servlet/3.0.0.v201112011016/javax.servlet-3.0.0.v201112011016.pom
2019-02-27 15:19:59,397 [Worker-4] INFO  o.e.m.c.i.e.AbstractTransferListenerAdapter - Downloaded https://repo.maven.apache.org/maven2/org/eclipse/jetty/orbit/javax.servlet/3.0.0.v201112011016/javax.servlet-3.0.0.v201112011016.pom
2019-02-27 15:19:59,583 [Worker-4] INFO  o.e.m.c.i.e.AbstractTransferListenerAdapter - Downloading https://repo.maven.apache.org/maven2/org/eclipse/jetty/orbit/jetty-orbit/1/jetty-orbit-1.pom
2019-02-27 15:19:59,771 [Worker-4] INFO  o.e.m.c.i.e.AbstractTransferListenerAdapter - Downloaded https://repo.maven.apache.org/maven2/org/eclipse/jetty/orbit/jetty-orbit/1/jetty-orbit-1.pom
2019-02-27 15:19:59,951 [Worker-4] INFO  o.e.m.c.i.e.AbstractTransferListenerAdapter - Downloading https://repo.maven.apache.org/maven2/org/eclipse/jetty/jetty-parent/18/jetty-parent-18.pom
2019-02-27 15:20:00,144 [Worker-4] INFO  o.e.m.c.i.e.AbstractTransferListenerAdapter - Downloaded https://repo.maven.apache.org/maven2/org/eclipse/jetty/jetty-parent/18/jetty-parent-18.pom
2019-02-27 15:20:00,323 [Worker-4] INFO  o.e.m.c.i.e.AbstractTransferListenerAdapter - Downloading https://repo.maven.apache.org/maven2/org/eclipse/jetty/jetty-continuation/8.1.8.v20121106/jetty-continuation-8.1.8.v20121106.pom
2019-02-27 15:20:00,504 [Worker-4] INFO  o.e.m.c.i.e.AbstractTransferListenerAdapter - Downloaded https://repo.maven.apache.org/maven2/org/eclipse/jetty/jetty-continuation/8.1.8.v20121106/jetty-continuation-8.1.8.v20121106.pom
2019-02-27 15:20:00,697 [Worker-4] INFO  o.e.m.c.i.e.AbstractTransferListenerAdapter - Downloading https://repo.maven.apache.org/maven2/org/eclipse/jetty/jetty-http/8.1.8.v20121106/jetty-http-8.1.8.v20121106.pom
2019-02-27 15:20:00,874 [Worker-4] INFO  o.e.m.c.i.e.AbstractTransferListenerAdapter - Downloaded https://repo.maven.apache.org/maven2/org/eclipse/jetty/jetty-http/8.1.8.v20121106/jetty-http-8.1.8.v20121106.pom
2019-02-27 15:20:01,061 [Worker-4] INFO  o.e.m.c.i.e.AbstractTransferListenerAdapter - Downloading https://repo.maven.apache.org/maven2/org/eclipse/jetty/jetty-io/8.1.8.v20121106/jetty-io-8.1.8.v20121106.pom
2019-02-27 15:20:01,233 [Worker-4] INFO  o.e.m.c.i.e.AbstractTransferListenerAdapter - Downloaded https://repo.maven.apache.org/maven2/org/eclipse/jetty/jetty-io/8.1.8.v20121106/jetty-io-8.1.8.v20121106.pom
2019-02-27 15:20:01,416 [Worker-4] INFO  o.e.m.c.i.e.AbstractTransferListenerAdapter - Downloading https://repo.maven.apache.org/maven2/org/eclipse/jetty/jetty-jsp/8.1.8.v20121106/jetty-jsp-8.1.8.v20121106.pom
2019-02-27 15:20:01,594 [Worker-4] INFO  o.e.m.c.i.e.AbstractTransferListenerAdapter - Downloaded https://repo.maven.apache.org/maven2/org/eclipse/jetty/jetty-jsp/8.1.8.v20121106/jetty-jsp-8.1.8.v20121106.pom
2019-02-27 15:20:01,781 [Worker-4] INFO  o.e.m.c.i.e.AbstractTransferListenerAdapter - Downloading https://repo.maven.apache.org/maven2/org/eclipse/jetty/orbit/javax.servlet.jsp/2.2.0.v201112011158/javax.servlet.jsp-2.2.0.v201112011158.pom
2019-02-27 15:20:01,951 [Worker-4] INFO  o.e.m.c.i.e.AbstractTransferListenerAdapter - Downloaded https://repo.maven.apache.org/maven2/org/eclipse/jetty/orbit/javax.servlet.jsp/2.2.0.v201112011158/javax.servlet.jsp-2.2.0.v201112011158.pom
2019-02-27 15:20:02,127 [Worker-4] INFO  o.e.m.c.i.e.AbstractTransferListenerAdapter - Downloading https://repo.maven.apache.org/maven2/org/eclipse/jetty/orbit/org.apache.jasper.glassfish/2.2.2.v201112011158/org.apache.jasper.glassfish-2.2.2.v201112011158.pom
2019-02-27 15:20:02,305 [Worker-4] INFO  o.e.m.c.i.e.AbstractTransferListenerAdapter - Downloaded https://repo.maven.apache.org/maven2/org/eclipse/jetty/orbit/org.apache.jasper.glassfish/2.2.2.v201112011158/org.apache.jasper.glassfish-2.2.2.v201112011158.pom
2019-02-27 15:20:02,490 [Worker-4] INFO  o.e.m.c.i.e.AbstractTransferListenerAdapter - Downloading https://repo.maven.apache.org/maven2/org/eclipse/jetty/orbit/javax.servlet.jsp.jstl/1.2.0.v201105211821/javax.servlet.jsp.jstl-1.2.0.v201105211821.pom
2019-02-27 15:20:02,673 [Worker-4] INFO  o.e.m.c.i.e.AbstractTransferListenerAdapter - Downloaded https://repo.maven.apache.org/maven2/org/eclipse/jetty/orbit/javax.servlet.jsp.jstl/1.2.0.v201105211821/javax.servlet.jsp.jstl-1.2.0.v201105211821.pom
2019-02-27 15:20:02,855 [Worker-4] INFO  o.e.m.c.i.e.AbstractTransferListenerAdapter - Downloading https://repo.maven.apache.org/maven2/org/eclipse/jetty/orbit/javax.servlet/2.5.0.v201103041518/javax.servlet-2.5.0.v201103041518.pom
2019-02-27 15:20:03,034 [Worker-4] INFO  o.e.m.c.i.e.AbstractTransferListenerAdapter - Downloaded https://repo.maven.apache.org/maven2/org/eclipse/jetty/orbit/javax.servlet/2.5.0.v201103041518/javax.servlet-2.5.0.v201103041518.pom
2019-02-27 15:20:03,218 [Worker-4] INFO  o.e.m.c.i.e.AbstractTransferListenerAdapter - Downloading https://repo.maven.apache.org/maven2/org/eclipse/jetty/orbit/javax.servlet.jsp/2.1.0.v201105211820/javax.servlet.jsp-2.1.0.v201105211820.pom
2019-02-27 15:20:03,408 [Worker-4] INFO  o.e.m.c.i.e.AbstractTransferListenerAdapter - Downloaded https://repo.maven.apache.org/maven2/org/eclipse/jetty/orbit/javax.servlet.jsp/2.1.0.v201105211820/javax.servlet.jsp-2.1.0.v201105211820.pom
2019-02-27 15:20:03,595 [Worker-4] INFO  o.e.m.c.i.e.AbstractTransferListenerAdapter - Downloading https://repo.maven.apache.org/maven2/org/eclipse/jetty/orbit/org.apache.taglibs.standard.glassfish/1.2.0.v201112081803/org.apache.taglibs.standard.glassfish-1.2.0.v201112081803.pom
2019-02-27 15:20:03,781 [Worker-4] INFO  o.e.m.c.i.e.AbstractTransferListenerAdapter - Downloaded https://repo.maven.apache.org/maven2/org/eclipse/jetty/orbit/org.apache.taglibs.standard.glassfish/1.2.0.v201112081803/org.apache.taglibs.standard.glassfish-1.2.0.v201112081803.pom
2019-02-27 15:20:03,962 [Worker-4] INFO  o.e.m.c.i.e.AbstractTransferListenerAdapter - Downloading https://repo.maven.apache.org/maven2/org/eclipse/jetty/orbit/javax.el/2.2.0.v201108011116/javax.el-2.2.0.v201108011116.pom
2019-02-27 15:20:04,147 [Worker-4] INFO  o.e.m.c.i.e.AbstractTransferListenerAdapter - Downloaded https://repo.maven.apache.org/maven2/org/eclipse/jetty/orbit/javax.el/2.2.0.v201108011116/javax.el-2.2.0.v201108011116.pom
2019-02-27 15:20:04,330 [Worker-4] INFO  o.e.m.c.i.e.AbstractTransferListenerAdapter - Downloading https://repo.maven.apache.org/maven2/org/eclipse/jetty/orbit/com.sun.el/2.2.0.v201108011116/com.sun.el-2.2.0.v201108011116.pom
2019-02-27 15:20:04,507 [Worker-4] INFO  o.e.m.c.i.e.AbstractTransferListenerAdapter - Downloaded https://repo.maven.apache.org/maven2/org/eclipse/jetty/orbit/com.sun.el/2.2.0.v201108011116/com.sun.el-2.2.0.v201108011116.pom
2019-02-27 15:20:04,682 [Worker-4] INFO  o.e.m.c.i.e.AbstractTransferListenerAdapter - Downloading https://repo.maven.apache.org/maven2/org/eclipse/jetty/orbit/org.eclipse.jdt.core/3.7.1/org.eclipse.jdt.core-3.7.1.pom
2019-02-27 15:20:04,868 [Worker-4] INFO  o.e.m.c.i.e.AbstractTransferListenerAdapter - Downloaded https://repo.maven.apache.org/maven2/org/eclipse/jetty/orbit/org.eclipse.jdt.core/3.7.1/org.eclipse.jdt.core-3.7.1.pom
2019-02-27 15:20:05,068 [Worker-4] INFO  o.e.m.c.i.e.AbstractTransferListenerAdapter - Downloading https://repo.maven.apache.org/maven2/com/jfinal/jfinal-weixin/2.1/jfinal-weixin-2.1.pom
2019-02-27 15:20:05,240 [Worker-4] INFO  o.e.m.c.i.e.AbstractTransferListenerAdapter - Downloaded https://repo.maven.apache.org/maven2/com/jfinal/jfinal-weixin/2.1/jfinal-weixin-2.1.pom
2019-02-27 15:20:05,414 [Worker-4] INFO  o.e.m.c.i.e.AbstractTransferListenerAdapter - Downloading https://repo.maven.apache.org/maven2/com/jfinal/cos/26Dec2008/cos-26Dec2008.pom
2019-02-27 15:20:05,591 [Worker-4] INFO  o.e.m.c.i.e.AbstractTransferListenerAdapter - Downloaded https://repo.maven.apache.org/maven2/com/jfinal/cos/26Dec2008/cos-26Dec2008.pom
2019-02-27 15:20:05,776 [Worker-4] INFO  o.e.m.c.i.e.AbstractTransferListenerAdapter - Downloading https://repo.maven.apache.org/maven2/com/alibaba/druid/1.0.26/druid-1.0.26.pom
2019-02-27 15:20:05,963 [Worker-4] INFO  o.e.m.c.i.e.AbstractTransferListenerAdapter - Downloaded https://repo.maven.apache.org/maven2/com/alibaba/druid/1.0.26/druid-1.0.26.pom
2019-02-27 15:20:06,140 [Worker-4] INFO  o.e.m.c.i.e.AbstractTransferListenerAdapter - Downloading https://repo.maven.apache.org/maven2/commons-fileupload/commons-fileupload/1.3.1/commons-fileupload-1.3.1.pom
2019-02-27 15:20:06,319 [Worker-4] INFO  o.e.m.c.i.e.AbstractTransferListenerAdapter - Downloaded https://repo.maven.apache.org/maven2/commons-fileupload/commons-fileupload/1.3.1/commons-fileupload-1.3.1.pom
2019-02-27 15:20:06,503 [Worker-4] INFO  o.e.m.c.i.e.AbstractTransferListenerAdapter - Downloading https://repo.maven.apache.org/maven2/org/apache/commons/commons-parent/32/commons-parent-32.pom
2019-02-27 15:20:06,857 [Worker-4] INFO  o.e.m.c.i.e.AbstractTransferListenerAdapter - Downloaded https://repo.maven.apache.org/maven2/org/apache/commons/commons-parent/32/commons-parent-32.pom
2019-02-27 15:20:07,174 [Worker-4] INFO  o.e.m.c.i.e.AbstractTransferListenerAdapter - Downloading https://repo.maven.apache.org/maven2/commons-io/commons-io/2.2/commons-io-2.2.pom
2019-02-27 15:20:07,351 [Worker-4] INFO  o.e.m.c.i.e.AbstractTransferListenerAdapter - Downloaded https://repo.maven.apache.org/maven2/commons-io/commons-io/2.2/commons-io-2.2.pom
2019-02-27 15:20:07,545 [Worker-4] INFO  o.e.m.c.i.e.AbstractTransferListenerAdapter - Downloading https://repo.maven.apache.org/maven2/org/apache/commons/commons-parent/24/commons-parent-24.pom
2019-02-27 15:20:07,748 [Worker-4] INFO  o.e.m.c.i.e.AbstractTransferListenerAdapter - Downloaded https://repo.maven.apache.org/maven2/org/apache/commons/commons-parent/24/commons-parent-24.pom
2019-02-27 15:20:07,933 [Worker-4] INFO  o.e.m.c.i.e.AbstractTransferListenerAdapter - Downloading https://repo.maven.apache.org/maven2/org/apache/apache/9/apache-9.pom
2019-02-27 15:20:08,111 [Worker-4] INFO  o.e.m.c.i.e.AbstractTransferListenerAdapter - Downloaded https://repo.maven.apache.org/maven2/org/apache/apache/9/apache-9.pom
2019-02-27 15:20:08,304 [Worker-4] INFO  o.e.m.c.i.e.AbstractTransferListenerAdapter - Downloading https://repo.maven.apache.org/maven2/commons-io/commons-io/1.4/commons-io-1.4.pom
2019-02-27 15:20:08,482 [Worker-4] INFO  o.e.m.c.i.e.AbstractTransferListenerAdapter - Downloaded https://repo.maven.apache.org/maven2/commons-io/commons-io/1.4/commons-io-1.4.pom
2019-02-27 15:20:08,676 [Worker-4] INFO  o.e.m.c.i.e.AbstractTransferListenerAdapter - Downloading https://repo.maven.apache.org/maven2/org/apache/commons/commons-parent/7/commons-parent-7.pom
2019-02-27 15:20:08,851 [Worker-4] INFO  o.e.m.c.i.e.AbstractTransferListenerAdapter - Downloaded https://repo.maven.apache.org/maven2/org/apache/commons/commons-parent/7/commons-parent-7.pom
2019-02-27 15:20:09,052 [Worker-4] INFO  o.e.m.c.i.e.AbstractTransferListenerAdapter - Downloading https://repo.maven.apache.org/maven2/mysql/mysql-connector-java/5.1.37/mysql-connector-java-5.1.37.pom
2019-02-27 15:20:09,240 [Worker-4] INFO  o.e.m.c.i.e.AbstractTransferListenerAdapter - Downloaded https://repo.maven.apache.org/maven2/mysql/mysql-connector-java/5.1.37/mysql-connector-java-5.1.37.pom
2019-02-27 15:20:09,423 [Worker-4] INFO  o.e.m.c.i.e.AbstractTransferListenerAdapter - Downloading https://repo.maven.apache.org/maven2/log4j/log4j/1.2.17/log4j-1.2.17.pom
2019-02-27 15:20:09,607 [Worker-4] INFO  o.e.m.c.i.e.AbstractTransferListenerAdapter - Downloaded https://repo.maven.apache.org/maven2/log4j/log4j/1.2.17/log4j-1.2.17.pom
2019-02-27 15:20:09,784 [Worker-4] INFO  o.e.m.c.i.e.AbstractTransferListenerAdapter - Downloading https://repo.maven.apache.org/maven2/org/slf4j/slf4j-api/1.7.7/slf4j-api-1.7.7.pom
2019-02-27 15:20:10,072 [Worker-4] INFO  o.e.m.c.i.e.AbstractTransferListenerAdapter - Downloaded https://repo.maven.apache.org/maven2/org/slf4j/slf4j-api/1.7.7/slf4j-api-1.7.7.pom
2019-02-27 15:20:10,258 [Worker-4] INFO  o.e.m.c.i.e.AbstractTransferListenerAdapter - Downloading https://repo.maven.apache.org/maven2/org/slf4j/slf4j-parent/1.7.7/slf4j-parent-1.7.7.pom
2019-02-27 15:20:10,439 [Worker-4] INFO  o.e.m.c.i.e.AbstractTransferListenerAdapter - Downloaded https://repo.maven.apache.org/maven2/org/slf4j/slf4j-parent/1.7.7/slf4j-parent-1.7.7.pom
2019-02-27 15:20:10,612 [Worker-4] INFO  o.e.m.c.i.e.AbstractTransferListenerAdapter - Downloading https://repo.maven.apache.org/maven2/com/alibaba/fastjson/1.2.31/fastjson-1.2.31.pom
2019-02-27 15:20:10,800 [Worker-4] INFO  o.e.m.c.i.e.AbstractTransferListenerAdapter - Downloaded https://repo.maven.apache.org/maven2/com/alibaba/fastjson/1.2.31/fastjson-1.2.31.pom
2019-02-27 15:20:10,974 [Worker-4] INFO  o.e.m.c.i.e.AbstractTransferListenerAdapter - Downloading https://repo.maven.apache.org/maven2/net/sf/ehcache/ehcache-core/2.6.6/ehcache-core-2.6.6.pom
2019-02-27 15:20:11,173 [Worker-4] INFO  o.e.m.c.i.e.AbstractTransferListenerAdapter - Downloaded https://repo.maven.apache.org/maven2/net/sf/ehcache/ehcache-core/2.6.6/ehcache-core-2.6.6.pom
2019-02-27 15:20:11,364 [Worker-4] INFO  o.e.m.c.i.e.AbstractTransferListenerAdapter - Downloading https://repo.maven.apache.org/maven2/net/sf/ehcache/ehcache-parent/2.3/ehcache-parent-2.3.pom
2019-02-27 15:20:11,550 [Worker-4] INFO  o.e.m.c.i.e.AbstractTransferListenerAdapter - Downloaded https://repo.maven.apache.org/maven2/net/sf/ehcache/ehcache-parent/2.3/ehcache-parent-2.3.pom
2019-02-27 15:20:11,739 [Worker-4] INFO  o.e.m.c.i.e.AbstractTransferListenerAdapter - Downloading https://repo.maven.apache.org/maven2/org/slf4j/slf4j-api/1.6.1/slf4j-api-1.6.1.pom
2019-02-27 15:20:11,917 [Worker-4] INFO  o.e.m.c.i.e.AbstractTransferListenerAdapter - Downloaded https://repo.maven.apache.org/maven2/org/slf4j/slf4j-api/1.6.1/slf4j-api-1.6.1.pom
2019-02-27 15:20:12,101 [Worker-4] INFO  o.e.m.c.i.e.AbstractTransferListenerAdapter - Downloading https://repo.maven.apache.org/maven2/org/slf4j/slf4j-parent/1.6.1/slf4j-parent-1.6.1.pom
2019-02-27 15:20:12,277 [Worker-4] INFO  o.e.m.c.i.e.AbstractTransferListenerAdapter - Downloaded https://repo.maven.apache.org/maven2/org/slf4j/slf4j-parent/1.6.1/slf4j-parent-1.6.1.pom
2019-02-27 15:20:12,455 [Worker-4] INFO  o.e.m.c.i.e.AbstractTransferListenerAdapter - Downloading https://repo.maven.apache.org/maven2/commons-codec/commons-codec/1.10/commons-codec-1.10.pom
2019-02-27 15:20:12,638 [Worker-4] INFO  o.e.m.c.i.e.AbstractTransferListenerAdapter - Downloaded https://repo.maven.apache.org/maven2/commons-codec/commons-codec/1.10/commons-codec-1.10.pom
2019-02-27 15:20:12,821 [Worker-4] INFO  o.e.m.c.i.e.AbstractTransferListenerAdapter - Downloading https://repo.maven.apache.org/maven2/org/apache/commons/commons-parent/35/commons-parent-35.pom
2019-02-27 15:20:13,040 [Worker-4] INFO  o.e.m.c.i.e.AbstractTransferListenerAdapter - Downloaded https://repo.maven.apache.org/maven2/org/apache/commons/commons-parent/35/commons-parent-35.pom
2019-02-27 15:20:13,223 [Worker-4] INFO  o.e.m.c.i.e.AbstractTransferListenerAdapter - Downloading https://repo.maven.apache.org/maven2/org/apache/apache/15/apache-15.pom
2019-02-27 15:20:13,403 [Worker-4] INFO  o.e.m.c.i.e.AbstractTransferListenerAdapter - Downloaded https://repo.maven.apache.org/maven2/org/apache/apache/15/apache-15.pom
2019-02-27 15:20:13,600 [Worker-4] INFO  o.e.m.c.i.e.AbstractTransferListenerAdapter - Downloading https://repo.maven.apache.org/maven2/com/sun/mail/javax.mail/1.5.4/javax.mail-1.5.4.pom
2019-02-27 15:20:13,777 [Worker-4] INFO  o.e.m.c.i.e.AbstractTransferListenerAdapter - Downloaded https://repo.maven.apache.org/maven2/com/sun/mail/javax.mail/1.5.4/javax.mail-1.5.4.pom
2019-02-27 15:20:13,964 [Worker-4] INFO  o.e.m.c.i.e.AbstractTransferListenerAdapter - Downloading https://repo.maven.apache.org/maven2/com/sun/mail/all/1.5.4/all-1.5.4.pom
2019-02-27 15:20:14,149 [Worker-4] INFO  o.e.m.c.i.e.AbstractTransferListenerAdapter - Downloaded https://repo.maven.apache.org/maven2/com/sun/mail/all/1.5.4/all-1.5.4.pom
2019-02-27 15:20:14,340 [Worker-4] INFO  o.e.m.c.i.e.AbstractTransferListenerAdapter - Downloading https://repo.maven.apache.org/maven2/net/java/jvnet-parent/1/jvnet-parent-1.pom
2019-02-27 15:20:14,519 [Worker-4] INFO  o.e.m.c.i.e.AbstractTransferListenerAdapter - Downloaded https://repo.maven.apache.org/maven2/net/java/jvnet-parent/1/jvnet-parent-1.pom
2019-02-27 15:20:14,706 [Worker-4] INFO  o.e.m.c.i.e.AbstractTransferListenerAdapter - Downloading https://repo.maven.apache.org/maven2/javax/activation/activation/1.1/activation-1.1.pom
2019-02-27 15:20:14,885 [Worker-4] INFO  o.e.m.c.i.e.AbstractTransferListenerAdapter - Downloaded https://repo.maven.apache.org/maven2/javax/activation/activation/1.1/activation-1.1.pom
2019-02-27 15:20:15,069 [Worker-4] INFO  o.e.m.c.i.e.AbstractTransferListenerAdapter - Downloading https://repo.maven.apache.org/maven2/org/apache/commons/commons-lang3/3.4/commons-lang3-3.4.pom
2019-02-27 15:20:15,258 [Worker-4] INFO  o.e.m.c.i.e.AbstractTransferListenerAdapter - Downloaded https://repo.maven.apache.org/maven2/org/apache/commons/commons-lang3/3.4/commons-lang3-3.4.pom
2019-02-27 15:20:15,443 [Worker-4] INFO  o.e.m.c.i.e.AbstractTransferListenerAdapter - Downloading https://repo.maven.apache.org/maven2/org/apache/commons/commons-parent/37/commons-parent-37.pom
2019-02-27 15:20:15,664 [Worker-4] INFO  o.e.m.c.i.e.AbstractTransferListenerAdapter - Downloaded https://repo.maven.apache.org/maven2/org/apache/commons/commons-parent/37/commons-parent-37.pom
2019-02-27 15:20:15,857 [Worker-4] INFO  o.e.m.c.i.e.AbstractTransferListenerAdapter - Downloading https://repo.maven.apache.org/maven2/org/apache/apache/16/apache-16.pom
2019-02-27 15:20:16,038 [Worker-4] INFO  o.e.m.c.i.e.AbstractTransferListenerAdapter - Downloaded https://repo.maven.apache.org/maven2/org/apache/apache/16/apache-16.pom
2019-02-27 15:20:16,231 [Worker-4] INFO  o.e.m.c.i.e.AbstractTransferListenerAdapter - Downloading https://repo.maven.apache.org/maven2/jstl/jstl/1.2/jstl-1.2.pom
2019-02-27 15:20:16,409 [Worker-4] INFO  o.e.m.c.i.e.AbstractTransferListenerAdapter - Downloaded https://repo.maven.apache.org/maven2/jstl/jstl/1.2/jstl-1.2.pom
2019-02-27 15:20:16,600 [Worker-4] INFO  o.e.m.c.i.e.AbstractTransferListenerAdapter - Downloading https://repo.maven.apache.org/maven2/it/sauronsoftware/cron4j/cron4j/2.2.5/cron4j-2.2.5.pom
2019-02-27 15:20:16,773 [Worker-4] INFO  o.e.m.c.i.e.AbstractTransferListenerAdapter - Downloaded https://repo.maven.apache.org/maven2/it/sauronsoftware/cron4j/cron4j/2.2.5/cron4j-2.2.5.pom
2019-02-27 15:20:16,949 [Worker-4] INFO  o.e.m.c.i.e.AbstractTransferListenerAdapter - Downloading https://repo.maven.apache.org/maven2/net/sourceforge/jexcelapi/jxl/2.6.12/jxl-2.6.12.pom
2019-02-27 15:20:17,121 [Worker-4] INFO  o.e.m.c.i.e.AbstractTransferListenerAdapter - Downloaded https://repo.maven.apache.org/maven2/net/sourceforge/jexcelapi/jxl/2.6.12/jxl-2.6.12.pom
2019-02-27 15:20:17,292 [Worker-4] INFO  o.e.m.c.i.e.AbstractTransferListenerAdapter - Downloading https://repo.maven.apache.org/maven2/log4j/log4j/1.2.14/log4j-1.2.14.pom
2019-02-27 15:20:17,468 [Worker-4] INFO  o.e.m.c.i.e.AbstractTransferListenerAdapter - Downloaded https://repo.maven.apache.org/maven2/log4j/log4j/1.2.14/log4j-1.2.14.pom
2019-02-27 15:20:17,654 [Worker-4] INFO  o.e.m.c.i.e.AbstractTransferListenerAdapter - Downloading https://repo.maven.apache.org/maven2/com/google/zxing/core/3.2.1/core-3.2.1.pom
2019-02-27 15:20:17,827 [Worker-4] INFO  o.e.m.c.i.e.AbstractTransferListenerAdapter - Downloaded https://repo.maven.apache.org/maven2/com/google/zxing/core/3.2.1/core-3.2.1.pom
2019-02-27 15:20:17,998 [Worker-4] INFO  o.e.m.c.i.e.AbstractTransferListenerAdapter - Downloading https://repo.maven.apache.org/maven2/com/google/zxing/zxing-parent/3.2.1/zxing-parent-3.2.1.pom
2019-02-27 15:20:18,181 [Worker-4] INFO  o.e.m.c.i.e.AbstractTransferListenerAdapter - Downloaded https://repo.maven.apache.org/maven2/com/google/zxing/zxing-parent/3.2.1/zxing-parent-3.2.1.pom
2019-02-27 15:20:18,355 [Worker-4] INFO  o.e.m.c.i.e.AbstractTransferListenerAdapter - Downloading https://repo.maven.apache.org/maven2/com/google/zxing/javase/3.2.1/javase-3.2.1.pom
2019-02-27 15:20:18,532 [Worker-4] INFO  o.e.m.c.i.e.AbstractTransferListenerAdapter - Downloaded https://repo.maven.apache.org/maven2/com/google/zxing/javase/3.2.1/javase-3.2.1.pom
2019-02-27 15:20:18,722 [Worker-4] INFO  o.e.m.c.i.e.AbstractTransferListenerAdapter - Downloading https://repo.maven.apache.org/maven2/com/beust/jcommander/1.48/jcommander-1.48.pom
2019-02-27 15:20:18,902 [Worker-4] INFO  o.e.m.c.i.e.AbstractTransferListenerAdapter - Downloaded https://repo.maven.apache.org/maven2/com/beust/jcommander/1.48/jcommander-1.48.pom
2019-02-27 15:20:19,085 [Worker-4] INFO  o.e.m.c.i.e.AbstractTransferListenerAdapter - Downloading https://repo.maven.apache.org/maven2/org/sonatype/oss/oss-parent/3/oss-parent-3.pom
2019-02-27 15:20:19,264 [Worker-4] INFO  o.e.m.c.i.e.AbstractTransferListenerAdapter - Downloaded https://repo.maven.apache.org/maven2/org/sonatype/oss/oss-parent/3/oss-parent-3.pom
2019-02-27 15:20:19,451 [Worker-4] INFO  o.e.m.c.i.e.AbstractTransferListenerAdapter - Downloading https://repo.maven.apache.org/maven2/commons-logging/commons-logging/1.2/commons-logging-1.2.pom
2019-02-27 15:20:19,635 [Worker-4] INFO  o.e.m.c.i.e.AbstractTransferListenerAdapter - Downloaded https://repo.maven.apache.org/maven2/commons-logging/commons-logging/1.2/commons-logging-1.2.pom
2019-02-27 15:20:19,820 [Worker-4] INFO  o.e.m.c.i.e.AbstractTransferListenerAdapter - Downloading https://repo.maven.apache.org/maven2/org/apache/commons/commons-parent/34/commons-parent-34.pom
2019-02-27 15:20:20,032 [Worker-4] INFO  o.e.m.c.i.e.AbstractTransferListenerAdapter - Downloaded https://repo.maven.apache.org/maven2/org/apache/commons/commons-parent/34/commons-parent-34.pom
2019-02-27 15:20:20,263 [Worker-4] INFO  o.e.m.c.i.e.AbstractTransferListenerAdapter - Downloading https://repo.maven.apache.org/maven2/com/jfinal/jfinal/3.2/jfinal-3.2.jar
2019-02-27 15:20:20,963 [Worker-4] INFO  o.e.m.c.i.e.AbstractTransferListenerAdapter - Downloaded https://repo.maven.apache.org/maven2/com/jfinal/jfinal/3.2/jfinal-3.2.jar
2019-02-27 15:20:21,134 [Worker-4] INFO  o.e.m.c.i.e.AbstractTransferListenerAdapter - Downloading https://repo.maven.apache.org/maven2/cglib/cglib-nodep/3.2.5/cglib-nodep-3.2.5.jar
2019-02-27 15:20:21,498 [Worker-4] INFO  o.e.m.c.i.e.AbstractTransferListenerAdapter - Downloaded https://repo.maven.apache.org/maven2/cglib/cglib-nodep/3.2.5/cglib-nodep-3.2.5.jar
2019-02-27 15:20:21,671 [Worker-4] INFO  o.e.m.c.i.e.AbstractTransferListenerAdapter - Downloading https://repo.maven.apache.org/maven2/com/jfinal/jetty-server/8.1.8/jetty-server-8.1.8.jar
2019-02-27 15:20:21,867 [Worker-4] INFO  o.e.m.c.i.e.AbstractTransferListenerAdapter - Downloaded https://repo.maven.apache.org/maven2/com/jfinal/jetty-server/8.1.8/jetty-server-8.1.8.jar
2019-02-27 15:20:22,037 [Worker-4] INFO  o.e.m.c.i.e.AbstractTransferListenerAdapter - Downloading https://repo.maven.apache.org/maven2/org/eclipse/jetty/jetty-xml/8.1.8.v20121106/jetty-xml-8.1.8.v20121106.jar
2019-02-27 15:20:22,219 [Worker-4] INFO  o.e.m.c.i.e.AbstractTransferListenerAdapter - Downloaded https://repo.maven.apache.org/maven2/org/eclipse/jetty/jetty-xml/8.1.8.v20121106/jetty-xml-8.1.8.v20121106.jar
2019-02-27 15:20:22,389 [Worker-4] INFO  o.e.m.c.i.e.AbstractTransferListenerAdapter - Downloading https://repo.maven.apache.org/maven2/org/eclipse/jetty/jetty-util/8.1.8.v20121106/jetty-util-8.1.8.v20121106.jar
2019-02-27 15:20:22,737 [Worker-4] INFO  o.e.m.c.i.e.AbstractTransferListenerAdapter - Downloaded https://repo.maven.apache.org/maven2/org/eclipse/jetty/jetty-util/8.1.8.v20121106/jetty-util-8.1.8.v20121106.jar
2019-02-27 15:20:22,907 [Worker-4] INFO  o.e.m.c.i.e.AbstractTransferListenerAdapter - Downloading https://repo.maven.apache.org/maven2/org/eclipse/jetty/jetty-servlet/8.1.8.v20121106/jetty-servlet-8.1.8.v20121106.jar
2019-02-27 15:20:23,098 [Worker-4] INFO  o.e.m.c.i.e.AbstractTransferListenerAdapter - Downloaded https://repo.maven.apache.org/maven2/org/eclipse/jetty/jetty-servlet/8.1.8.v20121106/jetty-servlet-8.1.8.v20121106.jar
2019-02-27 15:20:23,268 [Worker-4] INFO  o.e.m.c.i.e.AbstractTransferListenerAdapter - Downloading https://repo.maven.apache.org/maven2/org/eclipse/jetty/jetty-security/8.1.8.v20121106/jetty-security-8.1.8.v20121106.jar
2019-02-27 15:20:23,458 [Worker-4] INFO  o.e.m.c.i.e.AbstractTransferListenerAdapter - Downloaded https://repo.maven.apache.org/maven2/org/eclipse/jetty/jetty-security/8.1.8.v20121106/jetty-security-8.1.8.v20121106.jar
2019-02-27 15:20:23,629 [Worker-4] INFO  o.e.m.c.i.e.AbstractTransferListenerAdapter - Downloading https://repo.maven.apache.org/maven2/org/eclipse/jetty/jetty-server/8.1.8.v20121106/jetty-server-8.1.8.v20121106.jar
2019-02-27 15:20:23,980 [Worker-4] INFO  o.e.m.c.i.e.AbstractTransferListenerAdapter - Downloaded https://repo.maven.apache.org/maven2/org/eclipse/jetty/jetty-server/8.1.8.v20121106/jetty-server-8.1.8.v20121106.jar
2019-02-27 15:20:24,151 [Worker-4] INFO  o.e.m.c.i.e.AbstractTransferListenerAdapter - Downloading https://repo.maven.apache.org/maven2/org/eclipse/jetty/jetty-continuation/8.1.8.v20121106/jetty-continuation-8.1.8.v20121106.jar
2019-02-27 15:20:24,331 [Worker-4] INFO  o.e.m.c.i.e.AbstractTransferListenerAdapter - Downloaded https://repo.maven.apache.org/maven2/org/eclipse/jetty/jetty-continuation/8.1.8.v20121106/jetty-continuation-8.1.8.v20121106.jar
2019-02-27 15:20:24,502 [Worker-4] INFO  o.e.m.c.i.e.AbstractTransferListenerAdapter - Downloading https://repo.maven.apache.org/maven2/org/eclipse/jetty/jetty-http/8.1.8.v20121106/jetty-http-8.1.8.v20121106.jar
2019-02-27 15:20:24,706 [Worker-4] INFO  o.e.m.c.i.e.AbstractTransferListenerAdapter - Downloaded https://repo.maven.apache.org/maven2/org/eclipse/jetty/jetty-http/8.1.8.v20121106/jetty-http-8.1.8.v20121106.jar
2019-02-27 15:20:24,877 [Worker-4] INFO  o.e.m.c.i.e.AbstractTransferListenerAdapter - Downloading https://repo.maven.apache.org/maven2/org/eclipse/jetty/jetty-io/8.1.8.v20121106/jetty-io-8.1.8.v20121106.jar
2019-02-27 15:20:25,070 [Worker-4] INFO  o.e.m.c.i.e.AbstractTransferListenerAdapter - Downloaded https://repo.maven.apache.org/maven2/org/eclipse/jetty/jetty-io/8.1.8.v20121106/jetty-io-8.1.8.v20121106.jar
2019-02-27 15:20:25,238 [Worker-4] INFO  o.e.m.c.i.e.AbstractTransferListenerAdapter - Downloading https://repo.maven.apache.org/maven2/org/eclipse/jetty/jetty-jsp/8.1.8.v20121106/jetty-jsp-8.1.8.v20121106.jar
2019-02-27 15:20:25,416 [Worker-4] INFO  o.e.m.c.i.e.AbstractTransferListenerAdapter - Downloaded https://repo.maven.apache.org/maven2/org/eclipse/jetty/jetty-jsp/8.1.8.v20121106/jetty-jsp-8.1.8.v20121106.jar
2019-02-27 15:20:25,584 [Worker-4] INFO  o.e.m.c.i.e.AbstractTransferListenerAdapter - Downloading https://repo.maven.apache.org/maven2/org/eclipse/jetty/orbit/javax.servlet.jsp/2.2.0.v201112011158/javax.servlet.jsp-2.2.0.v201112011158.jar
2019-02-27 15:20:25,779 [Worker-4] INFO  o.e.m.c.i.e.AbstractTransferListenerAdapter - Downloaded https://repo.maven.apache.org/maven2/org/eclipse/jetty/orbit/javax.servlet.jsp/2.2.0.v201112011158/javax.servlet.jsp-2.2.0.v201112011158.jar
2019-02-27 15:20:25,949 [Worker-4] INFO  o.e.m.c.i.e.AbstractTransferListenerAdapter - Downloading https://repo.maven.apache.org/maven2/org/eclipse/jetty/orbit/javax.servlet/3.0.0.v201112011016/javax.servlet-3.0.0.v201112011016.jar
2019-02-27 15:20:26,161 [Worker-4] INFO  o.e.m.c.i.e.AbstractTransferListenerAdapter - Downloaded https://repo.maven.apache.org/maven2/org/eclipse/jetty/orbit/javax.servlet/3.0.0.v201112011016/javax.servlet-3.0.0.v201112011016.jar
2019-02-27 15:20:26,333 [Worker-4] INFO  o.e.m.c.i.e.AbstractTransferListenerAdapter - Downloading https://repo.maven.apache.org/maven2/org/eclipse/jetty/orbit/org.apache.jasper.glassfish/2.2.2.v201112011158/org.apache.jasper.glassfish-2.2.2.v201112011158.jar
2019-02-27 15:20:26,865 [Worker-4] INFO  o.e.m.c.i.e.AbstractTransferListenerAdapter - Downloaded https://repo.maven.apache.org/maven2/org/eclipse/jetty/orbit/org.apache.jasper.glassfish/2.2.2.v201112011158/org.apache.jasper.glassfish-2.2.2.v201112011158.jar
2019-02-27 15:20:27,035 [Worker-4] INFO  o.e.m.c.i.e.AbstractTransferListenerAdapter - Downloading https://repo.maven.apache.org/maven2/org/eclipse/jetty/orbit/javax.servlet.jsp.jstl/1.2.0.v201105211821/javax.servlet.jsp.jstl-1.2.0.v201105211821.jar
2019-02-27 15:20:27,219 [Worker-4] INFO  o.e.m.c.i.e.AbstractTransferListenerAdapter - Downloaded https://repo.maven.apache.org/maven2/org/eclipse/jetty/orbit/javax.servlet.jsp.jstl/1.2.0.v201105211821/javax.servlet.jsp.jstl-1.2.0.v201105211821.jar
2019-02-27 15:20:27,390 [Worker-4] INFO  o.e.m.c.i.e.AbstractTransferListenerAdapter - Downloading https://repo.maven.apache.org/maven2/org/eclipse/jetty/orbit/org.apache.taglibs.standard.glassfish/1.2.0.v201112081803/org.apache.taglibs.standard.glassfish-1.2.0.v201112081803.jar
2019-02-27 15:20:27,769 [Worker-4] INFO  o.e.m.c.i.e.AbstractTransferListenerAdapter - Downloaded https://repo.maven.apache.org/maven2/org/eclipse/jetty/orbit/org.apache.taglibs.standard.glassfish/1.2.0.v201112081803/org.apache.taglibs.standard.glassfish-1.2.0.v201112081803.jar
2019-02-27 15:20:27,939 [Worker-4] INFO  o.e.m.c.i.e.AbstractTransferListenerAdapter - Downloading https://repo.maven.apache.org/maven2/org/eclipse/jetty/orbit/javax.el/2.2.0.v201108011116/javax.el-2.2.0.v201108011116.jar
2019-02-27 15:20:28,124 [Worker-4] INFO  o.e.m.c.i.e.AbstractTransferListenerAdapter - Downloaded https://repo.maven.apache.org/maven2/org/eclipse/jetty/orbit/javax.el/2.2.0.v201108011116/javax.el-2.2.0.v201108011116.jar
2019-02-27 15:20:28,294 [Worker-4] INFO  o.e.m.c.i.e.AbstractTransferListenerAdapter - Downloading https://repo.maven.apache.org/maven2/org/eclipse/jetty/orbit/com.sun.el/2.2.0.v201108011116/com.sun.el-2.2.0.v201108011116.jar
2019-02-27 15:20:28,487 [Worker-4] INFO  o.e.m.c.i.e.AbstractTransferListenerAdapter - Downloaded https://repo.maven.apache.org/maven2/org/eclipse/jetty/orbit/com.sun.el/2.2.0.v201108011116/com.sun.el-2.2.0.v201108011116.jar
2019-02-27 15:20:28,665 [Worker-4] INFO  o.e.m.c.i.e.AbstractTransferListenerAdapter - Downloading https://repo.maven.apache.org/maven2/org/eclipse/jetty/orbit/org.eclipse.jdt.core/3.7.1/org.eclipse.jdt.core-3.7.1.jar
2019-02-27 15:20:30,017 [Worker-4] INFO  o.e.m.c.i.e.AbstractTransferListenerAdapter - Downloaded https://repo.maven.apache.org/maven2/org/eclipse/jetty/orbit/org.eclipse.jdt.core/3.7.1/org.eclipse.jdt.core-3.7.1.jar
2019-02-27 15:20:30,188 [Worker-4] INFO  o.e.m.c.i.e.AbstractTransferListenerAdapter - Downloading https://repo.maven.apache.org/maven2/com/jfinal/jfinal-weixin/2.1/jfinal-weixin-2.1.jar
2019-02-27 15:20:30,395 [Worker-4] INFO  o.e.m.c.i.e.AbstractTransferListenerAdapter - Downloaded https://repo.maven.apache.org/maven2/com/jfinal/jfinal-weixin/2.1/jfinal-weixin-2.1.jar
2019-02-27 15:20:30,562 [Worker-4] INFO  o.e.m.c.i.e.AbstractTransferListenerAdapter - Downloading https://repo.maven.apache.org/maven2/com/jfinal/cos/26Dec2008/cos-26Dec2008.jar
2019-02-27 15:20:30,738 [Worker-4] INFO  o.e.m.c.i.e.AbstractTransferListenerAdapter - Downloaded https://repo.maven.apache.org/maven2/com/jfinal/cos/26Dec2008/cos-26Dec2008.jar
2019-02-27 15:20:30,908 [Worker-4] INFO  o.e.m.c.i.e.AbstractTransferListenerAdapter - Downloading https://repo.maven.apache.org/maven2/com/alibaba/druid/1.0.26/druid-1.0.26.jar
2019-02-27 15:20:32,441 [Worker-4] INFO  o.e.m.c.i.e.AbstractTransferListenerAdapter - Downloaded https://repo.maven.apache.org/maven2/com/alibaba/druid/1.0.26/druid-1.0.26.jar
2019-02-27 15:20:32,609 [Worker-4] INFO  o.e.m.c.i.e.AbstractTransferListenerAdapter - Downloading https://repo.maven.apache.org/maven2/commons-fileupload/commons-fileupload/1.3.1/commons-fileupload-1.3.1.jar
2019-02-27 15:20:32,798 [Worker-4] INFO  o.e.m.c.i.e.AbstractTransferListenerAdapter - Downloaded https://repo.maven.apache.org/maven2/commons-fileupload/commons-fileupload/1.3.1/commons-fileupload-1.3.1.jar
2019-02-27 15:20:32,968 [Worker-4] INFO  o.e.m.c.i.e.AbstractTransferListenerAdapter - Downloading https://repo.maven.apache.org/maven2/commons-io/commons-io/1.4/commons-io-1.4.jar
2019-02-27 15:20:33,161 [Worker-4] INFO  o.e.m.c.i.e.AbstractTransferListenerAdapter - Downloaded https://repo.maven.apache.org/maven2/commons-io/commons-io/1.4/commons-io-1.4.jar
2019-02-27 15:20:33,333 [Worker-4] INFO  o.e.m.c.i.e.AbstractTransferListenerAdapter - Downloading https://repo.maven.apache.org/maven2/mysql/mysql-connector-java/5.1.37/mysql-connector-java-5.1.37.jar
2019-02-27 15:20:34,054 [Worker-4] INFO  o.e.m.c.i.e.AbstractTransferListenerAdapter - Downloaded https://repo.maven.apache.org/maven2/mysql/mysql-connector-java/5.1.37/mysql-connector-java-5.1.37.jar
2019-02-27 15:20:34,225 [Worker-4] INFO  o.e.m.c.i.e.AbstractTransferListenerAdapter - Downloading https://repo.maven.apache.org/maven2/log4j/log4j/1.2.17/log4j-1.2.17.jar
2019-02-27 15:20:34,619 [Worker-4] INFO  o.e.m.c.i.e.AbstractTransferListenerAdapter - Downloaded https://repo.maven.apache.org/maven2/log4j/log4j/1.2.17/log4j-1.2.17.jar
2019-02-27 15:20:34,790 [Worker-4] INFO  o.e.m.c.i.e.AbstractTransferListenerAdapter - Downloading https://repo.maven.apache.org/maven2/org/slf4j/slf4j-api/1.7.7/slf4j-api-1.7.7.jar
2019-02-27 15:20:34,970 [Worker-4] INFO  o.e.m.c.i.e.AbstractTransferListenerAdapter - Downloaded https://repo.maven.apache.org/maven2/org/slf4j/slf4j-api/1.7.7/slf4j-api-1.7.7.jar
2019-02-27 15:20:35,139 [Worker-4] INFO  o.e.m.c.i.e.AbstractTransferListenerAdapter - Downloading https://repo.maven.apache.org/maven2/com/alibaba/fastjson/1.2.31/fastjson-1.2.31.jar
2019-02-27 15:20:35,683 [Worker-4] INFO  o.e.m.c.i.e.AbstractTransferListenerAdapter - Downloaded https://repo.maven.apache.org/maven2/com/alibaba/fastjson/1.2.31/fastjson-1.2.31.jar
2019-02-27 15:20:35,858 [Worker-4] INFO  o.e.m.c.i.e.AbstractTransferListenerAdapter - Downloading https://repo.maven.apache.org/maven2/net/sf/ehcache/ehcache-core/2.6.6/ehcache-core-2.6.6.jar
2019-02-27 15:20:36,918 [Worker-4] INFO  o.e.m.c.i.e.AbstractTransferListenerAdapter - Downloaded https://repo.maven.apache.org/maven2/net/sf/ehcache/ehcache-core/2.6.6/ehcache-core-2.6.6.jar
2019-02-27 15:20:37,085 [Worker-4] INFO  o.e.m.c.i.e.AbstractTransferListenerAdapter - Downloading https://repo.maven.apache.org/maven2/commons-codec/commons-codec/1.10/commons-codec-1.10.jar
2019-02-27 15:20:37,441 [Worker-4] INFO  o.e.m.c.i.e.AbstractTransferListenerAdapter - Downloaded https://repo.maven.apache.org/maven2/commons-codec/commons-codec/1.10/commons-codec-1.10.jar
2019-02-27 15:20:37,616 [Worker-4] INFO  o.e.m.c.i.e.AbstractTransferListenerAdapter - Downloading https://repo.maven.apache.org/maven2/com/sun/mail/javax.mail/1.5.4/javax.mail-1.5.4.jar
2019-02-27 15:20:38,147 [Worker-4] INFO  o.e.m.c.i.e.AbstractTransferListenerAdapter - Downloaded https://repo.maven.apache.org/maven2/com/sun/mail/javax.mail/1.5.4/javax.mail-1.5.4.jar
2019-02-27 15:20:38,320 [Worker-4] INFO  o.e.m.c.i.e.AbstractTransferListenerAdapter - Downloading https://repo.maven.apache.org/maven2/javax/activation/activation/1.1/activation-1.1.jar
2019-02-27 15:20:38,514 [Worker-4] INFO  o.e.m.c.i.e.AbstractTransferListenerAdapter - Downloaded https://repo.maven.apache.org/maven2/javax/activation/activation/1.1/activation-1.1.jar
2019-02-27 15:20:38,685 [Worker-4] INFO  o.e.m.c.i.e.AbstractTransferListenerAdapter - Downloading https://repo.maven.apache.org/maven2/org/apache/commons/commons-lang3/3.4/commons-lang3-3.4.jar
2019-02-27 15:20:39,101 [Worker-4] INFO  o.e.m.c.i.e.AbstractTransferListenerAdapter - Downloaded https://repo.maven.apache.org/maven2/org/apache/commons/commons-lang3/3.4/commons-lang3-3.4.jar
2019-02-27 15:20:39,274 [Worker-4] INFO  o.e.m.c.i.e.AbstractTransferListenerAdapter - Downloading https://repo.maven.apache.org/maven2/jstl/jstl/1.2/jstl-1.2.jar
2019-02-27 15:20:39,678 [Worker-4] INFO  o.e.m.c.i.e.AbstractTransferListenerAdapter - Downloaded https://repo.maven.apache.org/maven2/jstl/jstl/1.2/jstl-1.2.jar
2019-02-27 15:20:39,854 [Worker-4] INFO  o.e.m.c.i.e.AbstractTransferListenerAdapter - Downloading https://repo.maven.apache.org/maven2/it/sauronsoftware/cron4j/cron4j/2.2.5/cron4j-2.2.5.jar
2019-02-27 15:20:40,191 [Worker-4] INFO  o.e.m.c.i.e.AbstractTransferListenerAdapter - Downloaded https://repo.maven.apache.org/maven2/it/sauronsoftware/cron4j/cron4j/2.2.5/cron4j-2.2.5.jar
2019-02-27 15:20:40,363 [Worker-4] INFO  o.e.m.c.i.e.AbstractTransferListenerAdapter - Downloading https://repo.maven.apache.org/maven2/net/sourceforge/jexcelapi/jxl/2.6.12/jxl-2.6.12.jar
2019-02-27 15:20:40,975 [Worker-4] INFO  o.e.m.c.i.e.AbstractTransferListenerAdapter - Downloaded https://repo.maven.apache.org/maven2/net/sourceforge/jexcelapi/jxl/2.6.12/jxl-2.6.12.jar
2019-02-27 15:20:41,160 [Worker-4] INFO  o.e.m.c.i.e.AbstractTransferListenerAdapter - Downloading https://repo.maven.apache.org/maven2/com/google/zxing/core/3.2.1/core-3.2.1.jar
2019-02-27 15:20:41,797 [Worker-4] INFO  o.e.m.c.i.e.AbstractTransferListenerAdapter - Downloaded https://repo.maven.apache.org/maven2/com/google/zxing/core/3.2.1/core-3.2.1.jar
2019-02-27 15:20:41,974 [Worker-4] INFO  o.e.m.c.i.e.AbstractTransferListenerAdapter - Downloading https://repo.maven.apache.org/maven2/com/google/zxing/javase/3.2.1/javase-3.2.1.jar
2019-02-27 15:20:42,168 [Worker-4] INFO  o.e.m.c.i.e.AbstractTransferListenerAdapter - Downloaded https://repo.maven.apache.org/maven2/com/google/zxing/javase/3.2.1/javase-3.2.1.jar
2019-02-27 15:20:42,343 [Worker-4] INFO  o.e.m.c.i.e.AbstractTransferListenerAdapter - Downloading https://repo.maven.apache.org/maven2/com/beust/jcommander/1.48/jcommander-1.48.jar
2019-02-27 15:20:42,557 [Worker-4] INFO  o.e.m.c.i.e.AbstractTransferListenerAdapter - Downloaded https://repo.maven.apache.org/maven2/com/beust/jcommander/1.48/jcommander-1.48.jar
2019-02-27 15:20:42,735 [Worker-4] INFO  o.e.m.c.i.e.AbstractTransferListenerAdapter - Downloading https://repo.maven.apache.org/maven2/commons-logging/commons-logging/1.2/commons-logging-1.2.jar
2019-02-27 15:20:42,948 [Worker-4] INFO  o.e.m.c.i.e.AbstractTransferListenerAdapter - Downloaded https://repo.maven.apache.org/maven2/commons-logging/commons-logging/1.2/commons-logging-1.2.jar
2019-02-27 15:20:50,388 [Worker-4] INFO  o.e.m.j.i.AbstractJavaProjectConfigurator - Adding source folder /weixin_guide/src/main/java
2019-02-27 15:20:50,390 [Worker-4] INFO  o.e.m.j.i.AbstractJavaProjectConfigurator - Adding resource folder /weixin_guide/src/main/resources
2019-02-27 15:20:50,394 [Worker-4] INFO  o.e.m.j.i.AbstractJavaProjectConfigurator - Adding source folder /weixin_guide/src/test/java
2019-02-27 15:20:53,005 [Worker-4] INFO  o.e.m.c.i.e.AbstractTransferListenerAdapter - Downloading https://repo.maven.apache.org/maven2/org/eclipse/jetty/jetty-maven-plugin/9.3.11.v20160721/jetty-maven-plugin-9.3.11.v20160721.pom
2019-02-27 15:20:53,191 [Worker-4] INFO  o.e.m.c.i.e.AbstractTransferListenerAdapter - Downloaded https://repo.maven.apache.org/maven2/org/eclipse/jetty/jetty-maven-plugin/9.3.11.v20160721/jetty-maven-plugin-9.3.11.v20160721.pom
2019-02-27 15:20:53,477 [Worker-4] INFO  o.e.m.c.i.e.AbstractTransferListenerAdapter - Downloading https://repo.maven.apache.org/maven2/org/eclipse/jetty/jetty-maven-plugin/9.3.11.v20160721/jetty-maven-plugin-9.3.11.v20160721.jar
2019-02-27 15:20:54,192 [Worker-4] INFO  o.e.m.c.i.e.AbstractTransferListenerAdapter - Downloaded https://repo.maven.apache.org/maven2/org/eclipse/jetty/jetty-maven-plugin/9.3.11.v20160721/jetty-maven-plugin-9.3.11.v20160721.jar
2019-02-27 15:21:35,171 [Worker-4] INFO  o.e.m.c.i.e.AbstractTransferListenerAdapter - Downloaded https://repo.maven.apache.org/maven2/com/jfinal/jfinal/3.2/jfinal-3.2.pom
2019-02-27 15:21:36,190 [Worker-4] INFO  o.e.m.c.i.e.AbstractTransferListenerAdapter - Downloading https://repo.maven.apache.org/maven2/com/jfinal/jfinal-weixin/2.1/jfinal-weixin-2.1.pom
2019-02-27 15:21:36,377 [Worker-4] INFO  o.e.m.c.i.e.AbstractTransferListenerAdapter - Downloaded https://repo.maven.apache.org/maven2/com/jfinal/jfinal-weixin/2.1/jfinal-weixin-2.1.pom
2019-02-27 15:21:36,638 [Worker-4] WARN  o.e.m.c.i.embedder.EclipseLogger - The POM for commons-codec:commons-codec:jar:1.10 is invalid, transitive dependencies (if any) will not be available, enable debug logging for more details
2019-02-27 15:21:36,920 [Worker-4] INFO  o.e.m.c.i.p.ProjectConfigurationManager - Imported and configured 1 project(s) in 119 sec
2019-02-27 15:21:39,323 [Worker-8] INFO  o.e.m.c.i.e.AbstractTransferListenerAdapter - Downloading http://maven.aliyun.com/nexus/content/groups/public/com/jfinal/jfinal/3.2/jfinal-3.2.pom
2019-02-27 15:21:39,509 [Worker-8] INFO  o.e.m.c.i.e.AbstractTransferListenerAdapter - Downloaded http://maven.aliyun.com/nexus/content/groups/public/com/jfinal/jfinal/3.2/jfinal-3.2.pom
2019-02-27 15:21:39,671 [Worker-8] INFO  o.e.m.c.i.e.AbstractTransferListenerAdapter - Downloading http://maven.aliyun.com/nexus/content/groups/public/cglib/cglib-nodep/3.2.5/cglib-nodep-3.2.5.pom
2019-02-27 15:21:39,827 [Worker-8] INFO  o.e.m.c.i.e.AbstractTransferListenerAdapter - Downloaded http://maven.aliyun.com/nexus/content/groups/public/cglib/cglib-nodep/3.2.5/cglib-nodep-3.2.5.pom
2019-02-27 15:21:39,987 [Worker-8] INFO  o.e.m.c.i.e.AbstractTransferListenerAdapter - Downloading http://maven.aliyun.com/nexus/content/groups/public/cglib/cglib-parent/3.2.5/cglib-parent-3.2.5.pom
2019-02-27 15:21:40,138 [Worker-8] INFO  o.e.m.c.i.e.AbstractTransferListenerAdapter - Downloaded http://maven.aliyun.com/nexus/content/groups/public/cglib/cglib-parent/3.2.5/cglib-parent-3.2.5.pom
2019-02-27 15:21:40,371 [Worker-8] WARN  o.e.m.c.i.embedder.EclipseLogger - The POM for commons-codec:commons-codec:jar:1.10 is invalid, transitive dependencies (if any) will not be available, enable debug logging for more details
2019-02-27 15:21:40,570 [Worker-8] INFO  o.e.m.c.i.e.AbstractTransferListenerAdapter - Downloading http://maven.aliyun.com/nexus/content/groups/public/com/jfinal/jfinal/3.2/jfinal-3.2.jar
2019-02-27 15:21:40,997 [Worker-8] INFO  o.e.m.c.i.e.AbstractTransferListenerAdapter - Downloaded http://maven.aliyun.com/nexus/content/groups/public/com/jfinal/jfinal/3.2/jfinal-3.2.jar
2019-02-27 15:21:41,156 [Worker-8] INFO  o.e.m.c.i.e.AbstractTransferListenerAdapter - Downloading http://maven.aliyun.com/nexus/content/groups/public/cglib/cglib-nodep/3.2.5/cglib-nodep-3.2.5.jar
2019-02-27 15:21:41,401 [Worker-8] INFO  o.e.m.c.i.e.AbstractTransferListenerAdapter - Downloaded http://maven.aliyun.com/nexus/content/groups/public/cglib/cglib-nodep/3.2.5/cglib-nodep-3.2.5.jar
2019-02-27 15:21:41,580 [Worker-8] INFO  o.e.m.c.i.e.AbstractTransferListenerAdapter - Downloading http://maven.aliyun.com/nexus/content/groups/public/com/jfinal/jfinal-weixin/2.1/jfinal-weixin-2.1.jar
2019-02-27 15:21:41,768 [Worker-8] INFO  o.e.m.c.i.e.AbstractTransferListenerAdapter - Downloaded http://maven.aliyun.com/nexus/content/groups/public/com/jfinal/jfinal-weixin/2.1/jfinal-weixin-2.1.jar
2019-02-27 15:21:42,778 [Worker-8] INFO  o.e.m.c.i.embedder.EclipseLogger - Using 'UTF-8' encoding to copy filtered resources.
2019-02-27 15:21:42,797 [Worker-8] INFO  o.e.m.c.i.embedder.EclipseLogger - Copying 8 resources
2019-02-27 15:21:42,812 [Worker-8] INFO  o.e.m.c.i.embedder.EclipseLogger - Using 'UTF-8' encoding to copy filtered resources.
2019-02-27 15:21:42,813 [Worker-8] INFO  o.e.m.c.i.embedder.EclipseLogger - skip non existing resourceDirectory C:\Users\Administrator\Desktop\weixin_guide\src\test\resources
2019-02-27 15:21:42,814 [Worker-8] INFO  o.e.m.w.i.f.ResourceFilteringBuildParticipant - Executing resource filtering for weixin_guide
2019-02-27 15:21:42,817 [Worker-8] WARN  o.e.m.c.i.embedder.EclipseLogger - The POM for org.eclipse.jetty:jetty-maven-plugin:jar:9.3.11.v20160721 is missing, no dependency information available
2019-02-27 15:21:42,818 [Worker-8] WARN  o.e.m.c.i.embedder.EclipseLogger - Failed to retrieve plugin descriptor for org.eclipse.jetty:jetty-maven-plugin:9.3.11.v20160721: Plugin org.eclipse.jetty:jetty-maven-plugin:9.3.11.v20160721 or one of its dependencies could not be resolved: Cannot access nexus-aliyun (http://maven.aliyun.com/nexus/content/groups/public) in offline mode and the artifact org.eclipse.jetty:jetty-maven-plugin:jar:9.3.11.v20160721 has not been downloaded from it before.
2019-02-27 15:21:42,932 [Worker-8] WARN  o.e.m.c.i.embedder.EclipseLogger - The POM for org.eclipse.jetty:jetty-maven-plugin:jar:9.3.11.v20160721 is missing, no dependency information available
2019-02-27 15:21:42,934 [Worker-8] WARN  o.e.m.c.i.embedder.EclipseLogger - Failed to retrieve plugin descriptor for org.eclipse.jetty:jetty-maven-plugin:9.3.11.v20160721: Plugin org.eclipse.jetty:jetty-maven-plugin:9.3.11.v20160721 or one of its dependencies could not be resolved: Cannot access nexus-aliyun (http://maven.aliyun.com/nexus/content/groups/public) in offline mode and the artifact org.eclipse.jetty:jetty-maven-plugin:jar:9.3.11.v20160721 has not been downloaded from it before.
2019-02-27 15:21:42,946 [Worker-8] INFO  o.e.m.c.i.embedder.EclipseLogger - Using 'UTF-8' encoding to copy filtered resources.
2019-02-27 15:21:42,947 [Worker-8] INFO  o.e.m.c.i.embedder.EclipseLogger - Copying 1 resource to WEB-INF/lib
2019-02-27 15:23:26,358 [Worker-16] INFO  o.e.m.c.i.embedder.EclipseLogger - Using 'UTF-8' encoding to copy filtered resources.
2019-02-27 15:23:26,361 [Worker-16] INFO  o.e.m.c.i.embedder.EclipseLogger - Copying 0 resource
2019-02-27 15:23:26,362 [Worker-16] INFO  o.e.m.c.i.embedder.EclipseLogger - Using 'UTF-8' encoding to copy filtered resources.
2019-02-27 15:23:26,363 [Worker-16] INFO  o.e.m.c.i.embedder.EclipseLogger - skip non existing resourceDirectory C:\Users\Administrator\Desktop\weixin_guide\src\test\resources
2019-02-27 15:48:23,737 [Worker-12] INFO  o.e.m.c.i.e.AbstractTransferListenerAdapter - Downloading http://maven.aliyun.com/nexus/content/groups/public/com/jfinal/jfinal/3.2/jfinal-3.2-sources.jar
2019-02-27 15:48:24,109 [Worker-12] INFO  o.e.m.c.i.e.AbstractTransferListenerAdapter - Downloaded http://maven.aliyun.com/nexus/content/groups/public/com/jfinal/jfinal/3.2/jfinal-3.2-sources.jar
2019-02-27 15:48:24,208 [Worker-12] INFO  o.e.m.j.internal.DownloadSourcesJob - Downloaded sources for com.jfinal:jfinal:3.2
2019-02-27 15:48:24,740 [Worker-20] INFO  o.e.m.c.i.embedder.EclipseLogger - Using 'UTF-8' encoding to copy filtered resources.
2019-02-27 15:48:24,741 [Worker-20] INFO  o.e.m.c.i.embedder.EclipseLogger - Copying 0 resource
2019-02-27 15:48:24,741 [Worker-20] INFO  o.e.m.c.i.embedder.EclipseLogger - Using 'UTF-8' encoding to copy filtered resources.
2019-02-27 15:48:24,742 [Worker-20] INFO  o.e.m.c.i.embedder.EclipseLogger - skip non existing resourceDirectory C:\Users\Administrator\Desktop\weixin_guide\src\test\resources
2019-02-27 16:04:14,137 [Worker-19] INFO  o.e.m.c.i.e.AbstractTransferListenerAdapter - Downloading http://maven.aliyun.com/nexus/content/groups/public/com/jfinal/jfinal-weixin/2.1/jfinal-weixin-2.1-sources.jar
2019-02-27 16:04:14,534 [Worker-19] INFO  o.e.m.c.i.e.AbstractTransferListenerAdapter - Downloaded http://maven.aliyun.com/nexus/content/groups/public/com/jfinal/jfinal-weixin/2.1/jfinal-weixin-2.1-sources.jar
2019-02-27 16:04:14,599 [Worker-19] INFO  o.e.m.j.internal.DownloadSourcesJob - Downloaded sources for com.jfinal:jfinal-weixin:2.1
2019-02-27 16:04:14,908 [Worker-23] INFO  o.e.m.c.i.embedder.EclipseLogger - Using 'UTF-8' encoding to copy filtered resources.
2019-02-27 16:04:14,909 [Worker-23] INFO  o.e.m.c.i.embedder.EclipseLogger - Copying 0 resource
2019-02-27 16:04:14,910 [Worker-23] INFO  o.e.m.c.i.embedder.EclipseLogger - Using 'UTF-8' encoding to copy filtered resources.
2019-02-27 16:04:14,910 [Worker-23] INFO  o.e.m.c.i.embedder.EclipseLogger - skip non existing resourceDirectory C:\Users\Administrator\Desktop\weixin_guide\src\test\resources
2019-03-01 09:38:13,898 [Worker-4] INFO  c.g.t.t.d.PublishedGradleVersions - Gradle version information cache is up-to-date. Trying to read.
2019-03-01 09:38:18,737 [Worker-9] INFO  o.e.m.c.i.l.LifecycleMappingFactory - Using org.maven.ide.eclipse.wtp.WarLifecycleMapping lifecycle mapping for MavenProject: weixin_guide:weixin_guide:0.0.1-SNAPSHOT @ C:\Users\Administrator\Desktop\weixin_guide\pom.xml.
2019-03-01 09:38:18,737 [Worker-17] INFO  o.e.m.c.i.l.LifecycleMappingFactory - Using org.maven.ide.eclipse.wtp.WarLifecycleMapping lifecycle mapping for MavenProject: weixin_guide:weixin_guide:0.0.1-SNAPSHOT @ C:\Users\Administrator\Desktop\weixin_guide\pom.xml.
2019-03-01 09:38:19,292 [Worker-9] WARN  o.e.m.c.i.embedder.EclipseLogger - The POM for commons-codec:commons-codec:jar:1.10 is invalid, transitive dependencies (if any) will not be available, enable debug logging for more details
2019-03-01 09:38:19,292 [Worker-17] WARN  o.e.m.c.i.embedder.EclipseLogger - The POM for commons-codec:commons-codec:jar:1.10 is invalid, transitive dependencies (if any) will not be available, enable debug logging for more details
2019-03-01 09:38:20,797 [Worker-17] WARN  o.e.m.c.i.embedder.EclipseLogger - The POM for commons-codec:commons-codec:jar:1.10 is invalid, transitive dependencies (if any) will not be available, enable debug logging for more details
2019-03-01 09:38:22,024 [Worker-17] INFO  o.e.m.c.i.embedder.EclipseLogger - Using 'UTF-8' encoding to copy filtered resources.
2019-03-01 09:38:22,029 [Worker-17] INFO  o.e.m.c.i.embedder.EclipseLogger - Copying 8 resources
2019-03-01 09:38:22,036 [Worker-17] INFO  o.e.m.c.i.embedder.EclipseLogger - Using 'UTF-8' encoding to copy filtered resources.
2019-03-01 09:38:22,037 [Worker-17] INFO  o.e.m.c.i.embedder.EclipseLogger - skip non existing resourceDirectory C:\Users\Administrator\Desktop\weixin_guide\src\test\resources
2019-03-01 09:38:22,039 [Worker-17] INFO  o.e.m.w.i.f.ResourceFilteringBuildParticipant - Executing resource filtering for weixin_guide
2019-03-01 09:38:22,076 [Worker-17] INFO  o.e.m.c.i.embedder.EclipseLogger - Using 'UTF-8' encoding to copy filtered resources.
2019-03-01 09:38:22,076 [Worker-17] INFO  o.e.m.c.i.embedder.EclipseLogger - Copying 1 resource to WEB-INF/lib
2019-03-01 09:38:23,413 [Worker-5] INFO  o.e.m.c.i.l.LifecycleMappingFactory - Using org.maven.ide.eclipse.wtp.WarLifecycleMapping lifecycle mapping for MavenProject: weixin_guide:weixin_guide:0.0.1-SNAPSHOT @ C:\Users\Administrator\Desktop\weixin_guide\pom.xml.
2019-03-01 09:38:23,509 [Worker-5] WARN  o.e.m.c.i.embedder.EclipseLogger - The POM for commons-codec:commons-codec:jar:1.10 is invalid, transitive dependencies (if any) will not be available, enable debug logging for more details
2019-03-01 09:38:23,665 [Worker-5] WARN  o.e.m.c.i.embedder.EclipseLogger - The POM for commons-codec:commons-codec:jar:1.10 is invalid, transitive dependencies (if any) will not be available, enable debug logging for more details
2019-03-01 09:38:27,509 [Worker-6] WARN  o.e.m.c.i.embedder.EclipseLogger - The POM for commons-codec:commons-codec:jar:1.10 is invalid, transitive dependencies (if any) will not be available, enable debug logging for more details
2019-03-01 09:38:27,652 [Worker-6] INFO  o.e.m.c.i.embedder.EclipseLogger - Using 'UTF-8' encoding to copy filtered resources.
2019-03-01 09:38:27,654 [Worker-6] INFO  o.e.m.c.i.embedder.EclipseLogger - Copying 0 resource
2019-03-01 09:38:27,655 [Worker-6] INFO  o.e.m.c.i.embedder.EclipseLogger - Using 'UTF-8' encoding to copy filtered resources.
2019-03-01 09:38:27,655 [Worker-6] INFO  o.e.m.c.i.embedder.EclipseLogger - skip non existing resourceDirectory C:\Users\Administrator\Desktop\weixin_guide\src\test\resources
